<?xml version="1.0" encoding="UTF-8"?>
<testsuite xmlns:xsi="http://www.w3.org/2001/XMLSchema-instance" xsi:noNamespaceSchemaLocation="https://maven.apache.org/surefire/maven-surefire-plugin/xsd/surefire-test-report-3.0.xsd" version="3.0" name="TestSuite" time="3.276" tests="6" errors="0" skipped="4" failures="2">
  <properties>
[...]
</properties>
  <testcase name="openBrowser" classname="com.atmecs.openmrs.testscripts.LoginTest" time="2.359">
    <failure message="com/google/gson/JsonElement" type="java.lang.NoClassDefFoundError"><![CDATA[java.lang.NoClassDefFoundError: com/google/gson/JsonElement
Caused by: java.lang.ClassNotFoundException: com.google.gson.JsonElement
]]></failure>
    <system-err><![CDATA[Jan 06, 2021 12:16:22 PM org.openqa.selenium.remote.DesiredCapabilities chrome
INFO: Using `new ChromeOptions()` is preferred to `DesiredCapabilities.chrome()`
Starting ChromeDriver 87.0.4280.88 (89e2380a3e36c3464b5dd1302349b1382549290d-refs/branch-heads/4280@{#1761}) on port 24073
Only local connections are allowed.
Please see https://chromedriver.chromium.org/security-considerations for suggestions on keeping ChromeDriver safe.
ChromeDriver was started successfully.
]]></system-err>
  </testcase>
  <testcase name="validateAllTheDetailsOfthePatient" classname="com.atmecs.openmrs.testscripts.LoginTest" time="0">
    <skipped/>
  </testcase>
  <testcase name="quitBrowser" classname="com.atmecs.openmrs.testscripts.LoginTest" time="0">
    <skipped/>
  </testcase>
  <testcase name="openBrowser" classname="com.atmecs.openmrs.testscripts.RegisterPatientTest" time="0.649">
    <failure message="com/google/gson/JsonElement" type="java.lang.NoClassDefFoundError"><![CDATA[java.lang.NoClassDefFoundError: com/google/gson/JsonElement
Caused by: java.lang.ClassNotFoundException: com.google.gson.JsonElement
]]></failure>
    <system-err><![CDATA[Jan 06, 2021 12:16:24 PM org.openqa.selenium.remote.DesiredCapabilities chrome
INFO: Using `new ChromeOptions()` is preferred to `DesiredCapabilities.chrome()`
Starting ChromeDriver 87.0.4280.88 (89e2380a3e36c3464b5dd1302349b1382549290d-refs/branch-heads/4280@{#1761}) on port 44237
Only local connections are allowed.
Please see https://chromedriver.chromium.org/security-considerations for suggestions on keeping ChromeDriver safe.
ChromeDriver was started successfully.
]]></system-err>
  </testcase>
  <testcase name="validatePatientRegistrationAndMerging" classname="com.atmecs.openmrs.testscripts.RegisterPatientTest" time="0">
    <skipped/>
  </testcase>
  <testcase name="quitBrowser" classname="com.atmecs.openmrs.testscripts.RegisterPatientTest" time="0">
    <skipped/>
  </testcase>
</testsuite>